<?xml version="1.0"?>
<PhoronixTestSuite>
    <TestInformation>
        <Title>GPU compute scaling performance</Title>
        <AppVersion>1.0</AppVersion>
        <Description>GPU compute scaling performance</Description>
        <ResultScale>Percent</ResultScale>
        <Proportion>HIB</Proportion>
        <TimesToRun>1</TimesToRun>
    </TestInformation>
    <TestProfile>
        <Version>1.0.0</Version>
        <SupportedPlatforms>Linux</SupportedPlatforms>
        <SoftwareType>Benchmark</SoftwareType>
        <TestType>Other</TestType>
        <License>Free</License>
        <Status>Experimental</Status>
        <Extends>local/mgbench-base</Extends>
        <ExternalDependencies>cuda</ExternalDependencies>
        <ProjectURL>https://github.com/tbennun/mgbench</ProjectURL>
        <InternalTags>CUDA</InternalTags>
        <Maintainer>Tal Ben-Nun &amp; Yair Yarom</Maintainer>
    </TestProfile>
    <TestSettings>
        <Option>
            <DisplayName>Type</DisplayName>
            <Identifier>type</Identifier>
            <Menu>
                <Entry>
                    <Name>Strong scaling (divide work)</Name>
                    <Value>strong</Value>
                </Entry>
                <Entry>
                    <Name>Weak scaling (power efficiency)</Name>
                    <Value>weak</Value>
                </Entry>
            </Menu>
        </Option>
    </TestSettings>
</PhoronixTestSuite>
